0:0:0:0:0:0:0:1 - - [10/Dec/2020:21:59:12 +0800] "GET / HTTP/1.1" 404 431 24 Mozilla/5.0 (Macintosh; Intel Mac OS X 11_0_1) AppleWebKit/537.36 (KHTML, like Gecko) Chrome/87.0.4280.88 Safari/537.36 -
0:0:0:0:0:0:0:1 - - [10/Dec/2020:21:59:12 +0800] "GET /favicon.ico HTTP/1.1" 404 431 1 Mozilla/5.0 (Macintosh; Intel Mac OS X 11_0_1) AppleWebKit/537.36 (KHTML, like Gecko) Chrome/87.0.4280.88 Safari/537.36 -
0:0:0:0:0:0:0:1 - - [10/Dec/2020:22:35:27 +0800] "GET /nacos HTTP/1.1" 302 - 0 Mozilla/5.0 (Macintosh; Intel Mac OS X 11_0_1) AppleWebKit/537.36 (KHTML, like Gecko) Chrome/87.0.4280.88 Safari/537.36 -
0:0:0:0:0:0:0:1 - - [10/Dec/2020:22:35:27 +0800] "GET /nacos/ HTTP/1.1" 200 2624 88 Mozilla/5.0 (Macintosh; Intel Mac OS X 11_0_1) AppleWebKit/537.36 (KHTML, like Gecko) Chrome/87.0.4280.88 Safari/537.36 -
0:0:0:0:0:0:0:1 - - [10/Dec/2020:22:35:27 +0800] "GET /nacos/console-ui/public/css/bootstrap.css HTTP/1.1" 200 123294 26 Mozilla/5.0 (Macintosh; Intel Mac OS X 11_0_1) AppleWebKit/537.36 (KHTML, like Gecko) Chrome/87.0.4280.88 Safari/537.36 -
0:0:0:0:0:0:0:1 - - [10/Dec/2020:22:35:27 +0800] "GET /nacos/console-ui/public/css/console1412.css HTTP/1.1" 200 156959 33 Mozilla/5.0 (Macintosh; Intel Mac OS X 11_0_1) AppleWebKit/537.36 (KHTML, like Gecko) Chrome/87.0.4280.88 Safari/537.36 -
0:0:0:0:0:0:0:1 - - [10/Dec/2020:22:35:27 +0800] "GET /nacos/console-ui/public/css/merge.css HTTP/1.1" 200 3866 35 Mozilla/5.0 (Macintosh; Intel Mac OS X 11_0_1) AppleWebKit/537.36 (KHTML, like Gecko) Chrome/87.0.4280.88 Safari/537.36 -
0:0:0:0:0:0:0:1 - - [10/Dec/2020:22:35:27 +0800] "GET /nacos/console-ui/public/css/icon.css HTTP/1.1" 200 5176 36 Mozilla/5.0 (Macintosh; Intel Mac OS X 11_0_1) AppleWebKit/537.36 (KHTML, like Gecko) Chrome/87.0.4280.88 Safari/537.36 -
0:0:0:0:0:0:0:1 - - [10/Dec/2020:22:35:27 +0800] "GET /nacos/console-ui/public/css/codemirror.css HTTP/1.1" 200 8858 39 Mozilla/5.0 (Macintosh; Intel Mac OS X 11_0_1) AppleWebKit/537.36 (KHTML, like Gecko) Chrome/87.0.4280.88 Safari/537.36 -
0:0:0:0:0:0:0:1 - - [10/Dec/2020:22:35:27 +0800] "GET /nacos/console-ui/public/css/font-awesome.css HTTP/1.1" 200 33850 37 Mozilla/5.0 (Macintosh; Intel Mac OS X 11_0_1) AppleWebKit/537.36 (KHTML, like Gecko) Chrome/87.0.4280.88 Safari/537.36 -
0:0:0:0:0:0:0:1 - - [10/Dec/2020:22:35:27 +0800] "GET /nacos/css/main.css HTTP/1.1" 200 451223 28 Mozilla/5.0 (Macintosh; Intel Mac OS X 11_0_1) AppleWebKit/537.36 (KHTML, like Gecko) Chrome/87.0.4280.88 Safari/537.36 -
0:0:0:0:0:0:0:1 - - [10/Dec/2020:22:35:27 +0800] "GET /nacos/console-ui/public/js/jquery.js HTTP/1.1" 200 89476 22 Mozilla/5.0 (Macintosh; Intel Mac OS X 11_0_1) AppleWebKit/537.36 (KHTML, like Gecko) Chrome/87.0.4280.88 Safari/537.36 -
0:0:0:0:0:0:0:1 - - [10/Dec/2020:22:35:27 +0800] "GET /nacos/console-ui/public/js/codemirror.js HTTP/1.1" 200 366246 33 Mozilla/5.0 (Macintosh; Intel Mac OS X 11_0_1) AppleWebKit/537.36 (KHTML, like Gecko) Chrome/87.0.4280.88 Safari/537.36 -
0:0:0:0:0:0:0:1 - - [10/Dec/2020:22:35:27 +0800] "GET /nacos/console-ui/public/js/xml.js HTTP/1.1" 200 13059 29 Mozilla/5.0 (Macintosh; Intel Mac OS X 11_0_1) AppleWebKit/537.36 (KHTML, like Gecko) Chrome/87.0.4280.88 Safari/537.36 -
0:0:0:0:0:0:0:1 - - [10/Dec/2020:22:35:27 +0800] "GET /nacos/console-ui/public/js/javascript.js HTTP/1.1" 200 32209 32 Mozilla/5.0 (Macintosh; Intel Mac OS X 11_0_1) AppleWebKit/537.36 (KHTML, like Gecko) Chrome/87.0.4280.88 Safari/537.36 -
0:0:0:0:0:0:0:1 - - [10/Dec/2020:22:35:27 +0800] "GET /nacos/console-ui/public/js/codemirror.addone.fullscreen.js HTTP/1.1" 200 1983 39 Mozilla/5.0 (Macintosh; Intel Mac OS X 11_0_1) AppleWebKit/537.36 (KHTML, like Gecko) Chrome/87.0.4280.88 Safari/537.36 -
0:0:0:0:0:0:0:1 - - [10/Dec/2020:22:35:27 +0800] "GET /nacos/console-ui/public/js/codemirror.addone.lint.js HTTP/1.1" 200 8521 38 Mozilla/5.0 (Macintosh; Intel Mac OS X 11_0_1) AppleWebKit/537.36 (KHTML, like Gecko) Chrome/87.0.4280.88 Safari/537.36 -
0:0:0:0:0:0:0:1 - - [10/Dec/2020:22:35:27 +0800] "GET /nacos/console-ui/public/js/codemirror.lib.json-lint.js HTTP/1.1" 200 16798 39 Mozilla/5.0 (Macintosh; Intel Mac OS X 11_0_1) AppleWebKit/537.36 (KHTML, like Gecko) Chrome/87.0.4280.88 Safari/537.36 -
0:0:0:0:0:0:0:1 - - [10/Dec/2020:22:35:27 +0800] "GET /nacos/console-ui/public/js/diff_match_patch.js HTTP/1.1" 200 19192 36 Mozilla/5.0 (Macintosh; Intel Mac OS X 11_0_1) AppleWebKit/537.36 (KHTML, like Gecko) Chrome/87.0.4280.88 Safari/537.36 -
0:0:0:0:0:0:0:1 - - [10/Dec/2020:22:35:27 +0800] "GET /nacos/console-ui/public/js/codemirror.addone.json-lint.js HTTP/1.1" 200 1443 40 Mozilla/5.0 (Macintosh; Intel Mac OS X 11_0_1) AppleWebKit/537.36 (KHTML, like Gecko) Chrome/87.0.4280.88 Safari/537.36 -
0:0:0:0:0:0:0:1 - - [10/Dec/2020:22:35:27 +0800] "GET /nacos/console-ui/public/js/codemirror.lib.clike-lint.js HTTP/1.1" 200 31531 39 Mozilla/5.0 (Macintosh; Intel Mac OS X 11_0_1) AppleWebKit/537.36 (KHTML, like Gecko) Chrome/87.0.4280.88 Safari/537.36 -
0:0:0:0:0:0:0:1 - - [10/Dec/2020:22:35:27 +0800] "GET /nacos/console-ui/public/js/merge.js HTTP/1.1" 200 37883 29 Mozilla/5.0 (Macintosh; Intel Mac OS X 11_0_1) AppleWebKit/537.36 (KHTML, like Gecko) Chrome/87.0.4280.88 Safari/537.36 -
0:0:0:0:0:0:0:1 - - [10/Dec/2020:22:35:27 +0800] "GET /nacos/console-ui/public/js/loader.js HTTP/1.1" 200 28899 25 Mozilla/5.0 (Macintosh; Intel Mac OS X 11_0_1) AppleWebKit/537.36 (KHTML, like Gecko) Chrome/87.0.4280.88 Safari/537.36 -
0:0:0:0:0:0:0:1 - - [10/Dec/2020:22:35:27 +0800] "GET /nacos/js/main.js HTTP/1.1" 200 1407001 34 Mozilla/5.0 (Macintosh; Intel Mac OS X 11_0_1) AppleWebKit/537.36 (KHTML, like Gecko) Chrome/87.0.4280.88 Safari/537.36 -
0:0:0:0:0:0:0:1 - - [10/Dec/2020:22:35:27 +0800] "GET /nacos/img/logo-2000-390.svg HTTP/1.1" 200 2106 5 Mozilla/5.0 (Macintosh; Intel Mac OS X 11_0_1) AppleWebKit/537.36 (KHTML, like Gecko) Chrome/87.0.4280.88 Safari/537.36 -
0:0:0:0:0:0:0:1 - - [10/Dec/2020:22:35:27 +0800] "GET /nacos/v1/console/server/state?accessToken= HTTP/1.1" 200 90 27 Mozilla/5.0 (Macintosh; Intel Mac OS X 11_0_1) AppleWebKit/537.36 (KHTML, like Gecko) Chrome/87.0.4280.88 Safari/537.36 -
0:0:0:0:0:0:0:1 - - [10/Dec/2020:22:35:27 +0800] "GET /nacos/console-ui/public/js/vs/editor/editor.main.js HTTP/1.1" 200 1824087 122 Mozilla/5.0 (Macintosh; Intel Mac OS X 11_0_1) AppleWebKit/537.36 (KHTML, like Gecko) Chrome/87.0.4280.88 Safari/537.36 -
0:0:0:0:0:0:0:1 - - [10/Dec/2020:22:35:27 +0800] "GET /nacos/img/black_dot.png HTTP/1.1" 200 114 8 Mozilla/5.0 (Macintosh; Intel Mac OS X 11_0_1) AppleWebKit/537.36 (KHTML, like Gecko) Chrome/87.0.4280.88 Safari/537.36 -
0:0:0:0:0:0:0:1 - - [10/Dec/2020:22:35:27 +0800] "GET /nacos/img/nacos.png HTTP/1.1" 200 3588 7 Mozilla/5.0 (Macintosh; Intel Mac OS X 11_0_1) AppleWebKit/537.36 (KHTML, like Gecko) Chrome/87.0.4280.88 Safari/537.36 -
0:0:0:0:0:0:0:1 - - [10/Dec/2020:22:35:27 +0800] "GET /nacos/console-ui/public/icons/icon-font.woff2 HTTP/1.1" 404 177 49 Mozilla/5.0 (Macintosh; Intel Mac OS X 11_0_1) AppleWebKit/537.36 (KHTML, like Gecko) Chrome/87.0.4280.88 Safari/537.36 -
0:0:0:0:0:0:0:1 - - [10/Dec/2020:22:35:27 +0800] "GET /nacos/console-ui/public/js/vs/editor/editor.main.css HTTP/1.1" 200 172199 8 Mozilla/5.0 (Macintosh; Intel Mac OS X 11_0_1) AppleWebKit/537.36 (KHTML, like Gecko) Chrome/87.0.4280.88 Safari/537.36 -
0:0:0:0:0:0:0:1 - - [10/Dec/2020:22:35:27 +0800] "GET /nacos/console-ui/public/js/vs/editor/editor.main.nls.zh-cn.js HTTP/1.1" 200 22864 6 Mozilla/5.0 (Macintosh; Intel Mac OS X 11_0_1) AppleWebKit/537.36 (KHTML, like Gecko) Chrome/87.0.4280.88 Safari/537.36 -
0:0:0:0:0:0:0:1 - - [10/Dec/2020:22:35:27 +0800] "GET /nacos/console-ui/public/icons/icon-font.woff HTTP/1.1" 200 5504 6 Mozilla/5.0 (Macintosh; Intel Mac OS X 11_0_1) AppleWebKit/537.36 (KHTML, like Gecko) Chrome/87.0.4280.88 Safari/537.36 -
0:0:0:0:0:0:0:1 - - [10/Dec/2020:22:35:28 +0800] "GET /nacos/console-ui/public/img/favicon.ico HTTP/1.1" 200 4286 9 Mozilla/5.0 (Macintosh; Intel Mac OS X 11_0_1) AppleWebKit/537.36 (KHTML, like Gecko) Chrome/87.0.4280.88 Safari/537.36 -
0:0:0:0:0:0:0:1 - - [10/Dec/2020:22:35:33 +0800] "POST /nacos/v1/auth/users/login HTTP/1.1" 200 173 204 Mozilla/5.0 (Macintosh; Intel Mac OS X 11_0_1) AppleWebKit/537.36 (KHTML, like Gecko) Chrome/87.0.4280.88 Safari/537.36 -
0:0:0:0:0:0:0:1 - - [10/Dec/2020:22:35:33 +0800] "GET /nacos/v1/console/server/state?accessToken=eyJhbGciOiJIUzI1NiJ9.eyJzdWIiOiJuYWNvcyIsImV4cCI6MTYwNzYyODkzM30.MGPKOYbbr9a5gSdFvVQV-sBkEMneZ8GxhlUw2VqYIJk HTTP/1.1" 200 90 3 Mozilla/5.0 (Macintosh; Intel Mac OS X 11_0_1) AppleWebKit/537.36 (KHTML, like Gecko) Chrome/87.0.4280.88 Safari/537.36 -
0:0:0:0:0:0:0:1 - - [10/Dec/2020:22:35:33 +0800] "GET /nacos/v1/console/namespaces?&accessToken=eyJhbGciOiJIUzI1NiJ9.eyJzdWIiOiJuYWNvcyIsImV4cCI6MTYwNzYyODkzM30.MGPKOYbbr9a5gSdFvVQV-sBkEMneZ8GxhlUw2VqYIJk&namespaceId= HTTP/1.1" 200 130 39 Mozilla/5.0 (Macintosh; Intel Mac OS X 11_0_1) AppleWebKit/537.36 (KHTML, like Gecko) Chrome/87.0.4280.88 Safari/537.36 -
0:0:0:0:0:0:0:1 - - [10/Dec/2020:22:35:33 +0800] "GET /nacos/v1/cs/configs?dataId=&group=&appName=&config_tags=&pageNo=1&pageSize=10&tenant=&search=accurate&accessToken=eyJhbGciOiJIUzI1NiJ9.eyJzdWIiOiJuYWNvcyIsImV4cCI6MTYwNzYyODkzM30.MGPKOYbbr9a5gSdFvVQV-sBkEMneZ8GxhlUw2VqYIJk HTTP/1.1" 200 76 24 Mozilla/5.0 (Macintosh; Intel Mac OS X 11_0_1) AppleWebKit/537.36 (KHTML, like Gecko) Chrome/87.0.4280.88 Safari/537.36 -
