2020-12-12 10:09:13,421 INFO raft peers changed: [Member{ip='192.168.0.102', port=8848, state=UP, extendInfo={adWeight=0, raftPort=7848, site=unknow, weight=1}}]

2020-12-12 10:09:13,444 INFO initializing Raft sub-system

2020-12-12 10:09:13,444 INFO finish loading all datums, size: 0 cost 0 ms.

2020-12-12 10:09:13,447 INFO cache loaded, datum count: 0, current term: 0

2020-12-12 10:09:13,447 INFO finish to load data from disk, cost: 3 ms.

2020-12-12 10:09:13,449 INFO timer started: leader timeout ms: 15000, heart-beat timeout ms: 5000

2020-12-12 10:09:13,968 INFO add listener: com.alibaba.nacos.naming.domains.meta.00-00---000-NACOS_SWITCH_DOMAIN-000---00-00

2020-12-12 10:09:13,983 INFO add listener: com.alibaba.nacos.naming.domains.meta.

2020-12-12 10:09:16,346 INFO raft peers changed: [Member{ip='192.168.0.102', port=8848, state=UP, extendInfo={adWeight=0, lastRefreshTime=1607738956345, raftMetaData=com.alibaba.nacos.consistency.ProtocolMetaData@58d775c7, raftPort=7848, remoteConnectType=GRPC, site=unknow, version=2.0.0-ALPHA.1, weight=1}}]

2020-12-12 10:09:16,465 INFO leader timeout, start voting,leader: {"ip":"192.168.0.102:8848","term":0,"leaderDueMs":17641,"heartbeatDueMs":4500,"state":"FOLLOWER"}, term: 0

2020-12-12 10:09:18,407 WARN start to close old raft protocol!!!

2020-12-12 10:09:18,407 WARN stop old raft protocol task for notifier

2020-12-12 10:09:18,407 WARN stop old raft protocol task for master task

2020-12-12 10:09:18,407 WARN stop old raft protocol task for heartbeat task

2020-12-12 10:09:18,407 WARN clean old cache datum for old raft

2020-12-12 10:09:18,407 WARN start to close old raft protocol!!!

2020-12-12 10:09:18,407 WARN stop old raft protocol task for notifier

2020-12-12 10:09:18,407 WARN stop old raft protocol task for master task

2020-12-12 10:09:18,407 WARN stop old raft protocol task for heartbeat task

2020-12-12 10:09:18,407 WARN clean old cache datum for old raft

2020-12-12 10:09:18,407 WARN start to move old raft protocol metadata

2020-12-12 10:09:18,407 WARN start to move old raft protocol metadata

