2020-12-14 03:22:07,682 INFO PERFORMANCE:|0|0|-1|-1

2020-12-14 08:28:59,953 INFO PERFORMANCE:|0|0|-1|-1

2020-12-14 10:19:26,066 INFO PERFORMANCE:|0|0|-1|-1

2020-12-14 10:24:26,049 INFO PERFORMANCE:|0|0|-1|-1

2020-12-14 10:29:26,040 INFO PERFORMANCE:|0|0|-1|-1

2020-12-14 10:34:26,030 INFO PERFORMANCE:|0|0|-1|-1

2020-12-14 10:39:26,019 INFO PERFORMANCE:|0|0|-1|-1

2020-12-14 10:44:26,010 INFO PERFORMANCE:|0|0|-1|-1

2020-12-14 10:49:26,004 INFO PERFORMANCE:|0|0|-1|-1

2020-12-14 10:54:25,997 INFO PERFORMANCE:|0|0|-1|-1

2020-12-14 10:59:25,993 INFO PERFORMANCE:|0|0|-1|-1

2020-12-14 11:04:25,995 INFO PERFORMANCE:|0|0|-1|-1

2020-12-14 11:09:26,000 INFO PERFORMANCE:|0|0|-1|-1

2020-12-14 11:14:25,994 INFO PERFORMANCE:|0|0|-1|-1

2020-12-14 14:52:26,748 INFO PERFORMANCE:|0|0|-1|-1

2020-12-14 19:09:48,170 INFO PERFORMANCE:|0|0|-1|-1

2020-12-14 19:14:48,166 INFO PERFORMANCE:|0|0|-1|-1

2020-12-14 19:19:48,160 INFO PERFORMANCE:|0|0|-1|-1

2020-12-14 19:24:48,159 INFO PERFORMANCE:|0|0|-1|-1

2020-12-14 19:29:48,152 INFO PERFORMANCE:|0|0|-1|-1

2020-12-14 19:34:48,148 INFO PERFORMANCE:|0|0|-1|-1

2020-12-14 19:39:48,143 INFO PERFORMANCE:|0|0|-1|-1

2020-12-14 19:44:48,140 INFO PERFORMANCE:|0|0|-1|-1

2020-12-14 19:49:48,137 INFO PERFORMANCE:|0|0|-1|-1

2020-12-14 19:54:48,137 INFO PERFORMANCE:|0|0|-1|-1

2020-12-14 19:59:48,134 INFO PERFORMANCE:|0|0|-1|-1

2020-12-14 20:04:48,132 INFO PERFORMANCE:|0|0|-1|-1

2020-12-14 20:09:48,128 INFO PERFORMANCE:|0|0|-1|-1

2020-12-14 20:14:48,127 INFO PERFORMANCE:|0|0|-1|-1

2020-12-14 20:19:48,128 INFO PERFORMANCE:|0|0|-1|-1

2020-12-14 20:24:48,129 INFO PERFORMANCE:|0|0|-1|-1

2020-12-14 20:29:48,130 INFO PERFORMANCE:|0|0|-1|-1

2020-12-14 20:34:48,135 INFO PERFORMANCE:|0|0|-1|-1

2020-12-14 20:39:48,134 INFO PERFORMANCE:|0|0|-1|-1

2020-12-14 20:44:48,137 INFO PERFORMANCE:|0|0|-1|-1

2020-12-14 20:49:48,138 INFO PERFORMANCE:|0|0|-1|-1

2020-12-14 20:54:48,142 INFO PERFORMANCE:|0|0|-1|-1

2020-12-14 20:59:48,145 INFO PERFORMANCE:|0|0|-1|-1

2020-12-14 21:04:48,147 INFO PERFORMANCE:|0|0|-1|-1

2020-12-14 21:09:48,149 INFO PERFORMANCE:|0|0|-1|-1

2020-12-14 21:14:48,153 INFO PERFORMANCE:|0|0|-1|-1

2020-12-14 21:19:48,155 INFO PERFORMANCE:|0|0|-1|-1

2020-12-14 21:24:48,159 INFO PERFORMANCE:|0|0|-1|-1

2020-12-14 21:29:48,164 INFO PERFORMANCE:|0|0|-1|-1

2020-12-14 21:34:48,170 INFO PERFORMANCE:|0|0|-1|-1

2020-12-14 21:39:48,168 INFO PERFORMANCE:|0|0|-1|-1

2020-12-14 21:44:48,173 INFO PERFORMANCE:|0|0|-1|-1

2020-12-14 21:49:48,178 INFO PERFORMANCE:|0|0|-1|-1

2020-12-14 21:54:48,182 INFO PERFORMANCE:|0|0|-1|-1

2020-12-14 21:59:48,187 INFO PERFORMANCE:|0|0|-1|-1

2020-12-14 22:04:48,193 INFO PERFORMANCE:|0|0|-1|-1

2020-12-14 22:09:48,196 INFO PERFORMANCE:|0|0|-1|-1

2020-12-14 22:14:48,202 INFO PERFORMANCE:|0|0|-1|-1

2020-12-14 22:19:48,203 INFO PERFORMANCE:|0|0|-1|-1

2020-12-14 22:24:48,208 INFO PERFORMANCE:|0|0|-1|-1

2020-12-14 22:29:48,214 INFO PERFORMANCE:|0|0|-1|-1

2020-12-14 22:34:48,217 INFO PERFORMANCE:|0|0|-1|-1

2020-12-14 22:39:48,222 INFO PERFORMANCE:|0|0|-1|-1

2020-12-14 22:44:48,222 INFO PERFORMANCE:|0|0|-1|-1

2020-12-14 22:49:48,225 INFO PERFORMANCE:|0|0|-1|-1

