/Users/wangzhi/Library/Java/JavaVirtualMachines/openjdk-14.0.1-1/Contents/Home/bin/java  -Xms512m -Xmx512m -Xmn256m -Dnacos.standalone=true -Dnacos.member.list= -Xlog:gc*:file=/Users/wangzhi/workspace/spring_cloud_alibaba/nacos/logs/nacos_gc.log:time,tags:filecount=10,filesize=102400 -Dloader.path=/Users/wangzhi/workspace/spring_cloud_alibaba/nacos/plugins/health,/Users/wangzhi/workspace/spring_cloud_alibaba/nacos/plugins/cmdb -Dnacos.home=/Users/wangzhi/workspace/spring_cloud_alibaba/nacos -jar /Users/wangzhi/workspace/spring_cloud_alibaba/nacos/target/nacos-server.jar  --spring.config.location=file:/Users/wangzhi/workspace/spring_cloud_alibaba/nacos/conf/,classpath:/,classpath:/config/,file:./,file:./config/ --logging.config=/Users/wangzhi/workspace/spring_cloud_alibaba/nacos/conf/nacos-logback.xml --server.max-http-header-size=524288

         ,--.
       ,--.'|
   ,--,:  : |                                           Nacos 2.0.0-ALPHA.1
,`--.'`|  ' :                       ,---.               Running in stand alone mode, All function modules
|   :  :  | |                      '   ,'\   .--.--.    Port: 8848
:   |   \ | :  ,--.--.     ,---.  /   /   | /  /    '   Pid: 12603
|   : '  '; | /       \   /     \.   ; ,. :|  :  /`./   Console: http://192.168.0.102:8848/nacos/index.html
'   ' ;.    ;.--.  .-. | /    / ''   | |: :|  :  ;_
|   | | \   | \__\/: . ..    ' / '   | .; : \  \    `.      https://nacos.io
'   : |  ; .' ," .--.; |'   ; :__|   :    |  `----.   \
|   | '`--'  /  /  ,.  |'   | '.'|\   \  /  /  /`--'  /
'   : |     ;  :   .'   \   :    : `----'  '--'.     /
;   |.'     |  ,     .-./\   \  /            `--'---'
'---'        `--`---'     `----'

2020-12-12 10:09:11,065 INFO Bean 'org.springframework.security.access.expression.method.DefaultMethodSecurityExpressionHandler@780ec4a5' of type [org.springframework.security.access.expression.method.DefaultMethodSecurityExpressionHandler] is not eligible for getting processed by all BeanPostProcessors (for example: not eligible for auto-proxying)

2020-12-12 10:09:11,070 INFO Bean 'methodSecurityMetadataSource' of type [org.springframework.security.access.method.DelegatingMethodSecurityMetadataSource] is not eligible for getting processed by all BeanPostProcessors (for example: not eligible for auto-proxying)

2020-12-12 10:09:11,414 INFO Tomcat initialized with port(s): 8848 (http)

WARNING: An illegal reflective access operation has occurred
WARNING: Illegal reflective access by org.springframework.boot.loader.jar.Handler (file:/Users/wangzhi/workspace/spring_cloud_alibaba/nacos/target/nacos-server.jar) to constructor sun.net.www.protocol.jar.Handler()
WARNING: Please consider reporting this to the maintainers of org.springframework.boot.loader.jar.Handler
WARNING: Use --illegal-access=warn to enable warnings of further illegal reflective access operations
WARNING: All illegal access operations will be denied in a future release
2020-12-12 10:09:11,819 INFO Root WebApplicationContext: initialization completed in 3324 ms

2020-12-12 10:09:14,093 WARN There are no [com.alibaba.nacos.config.server.model.event.LocalDataChangeEvent] publishers for this event, please register

2020-12-12 10:09:14,094 WARN There are no [com.alibaba.nacos.config.server.model.event.LocalDataChangeEvent] publishers for this event, please register

2020-12-12 10:09:16,888 INFO Initializing ExecutorService 'applicationTaskExecutor'

2020-12-12 10:09:17,006 INFO Adding welcome page: class path resource [static/index.html]

2020-12-12 10:09:17,426 INFO Creating filter chain: Ant [pattern='/**'], []

2020-12-12 10:09:17,453 INFO Creating filter chain: any request, [org.springframework.security.web.context.request.async.WebAsyncManagerIntegrationFilter@6b8d54da, org.springframework.security.web.context.SecurityContextPersistenceFilter@601eb4af, org.springframework.security.web.header.HeaderWriterFilter@4bf03fee, org.springframework.security.web.csrf.CsrfFilter@1f84327b, org.springframework.security.web.authentication.logout.LogoutFilter@2dd1086, org.springframework.security.web.savedrequest.RequestCacheAwareFilter@7675c171, org.springframework.security.web.servletapi.SecurityContextHolderAwareRequestFilter@773c2214, org.springframework.security.web.authentication.AnonymousAuthenticationFilter@79957f11, org.springframework.security.web.session.SessionManagementFilter@9cfc77, org.springframework.security.web.access.ExceptionTranslationFilter@256a0d95]

2020-12-12 10:09:17,552 INFO Initializing ExecutorService 'taskScheduler'

2020-12-12 10:09:17,571 INFO Exposing 16 endpoint(s) beneath base path '/actuator'

2020-12-12 10:09:17,669 INFO Tomcat started on port(s): 8848 (http) with context path '/nacos'

2020-12-12 10:09:17,672 INFO Nacos Log files: /Users/wangzhi/workspace/spring_cloud_alibaba/nacos/logs

2020-12-12 10:09:17,673 INFO Nacos Log files: /Users/wangzhi/workspace/spring_cloud_alibaba/nacos/conf

2020-12-12 10:09:17,673 INFO Nacos Log files: /Users/wangzhi/workspace/spring_cloud_alibaba/nacos/data

2020-12-12 10:09:17,674 INFO Nacos started successfully in stand alone mode. use embedded storage

2020-12-12 10:12:10,927 INFO Initializing Servlet 'dispatcherServlet'

2020-12-12 10:12:10,934 INFO Completed initialization in 7 ms

